<?xml version="1.0" encoding="UTF-8"?>
<!-- Generated by org.testng.reporters.JUnitReportReporter -->
<testsuite hostname="DESKTOP-E8O95M6" name="gzs.wx.js" tests="1" failures="0" timestamp="17 Sep 2020 03:18:32 GMT" time="14.448" errors="0">
  <testcase name="testJs" time="14.448" classname="gzs.wx.js"/>
</testsuite> <!-- gzs.wx.js -->
