<?xml version="1.0" encoding="UTF-8"?>
<!-- Generated by org.testng.reporters.JUnitReportReporter -->
<testsuite hostname="DESKTOP-E8O95M6" name="gzs.wx.action" tests="1" failures="0" timestamp="16 Sep 2020 03:29:05 GMT" time="14.634" errors="0">
  <testcase name="actionG" time="14.634" classname="gzs.wx.action"/>
</testsuite> <!-- gzs.wx.action -->
