<?xml version="1.0" encoding="UTF-8"?>
<!-- Generated by org.testng.reporters.JUnitReportReporter -->
<testsuite hostname="DESKTOP-E8O95M6" name="gzs.wx.App" tests="1" failures="0" timestamp="1 Sep 2020 01:50:46 GMT" time="8.948" errors="0">
  <testcase name="login" time="8.948" classname="gzs.wx.App"/>
</testsuite> <!-- gzs.wx.App -->
