<?xml version="1.0" encoding="UTF-8"?>
<!-- Generated by org.testng.reporters.JUnitReportReporter -->
<testsuite hostname="DESKTOP-E8O95M6" name="gzs.wx.NewTest" tests="1" failures="0" timestamp="11 Sep 2020 08:48:37 GMT" time="10.255" errors="0">
  <testcase name="shotPic" time="10.255" classname="gzs.wx.NewTest"/>
</testsuite> <!-- gzs.wx.NewTest -->
