<?xml version="1.0" encoding="UTF-8"?>
<!-- Generated by org.testng.reporters.JUnitReportReporter -->
<testsuite hostname="DESKTOP-E8O95M6" name="gzs.wx.setdown" tests="1" failures="0" timestamp="16 Sep 2020 08:23:59 GMT" time="20.942" errors="0">
  <testcase name="setDown" time="20.942" classname="gzs.wx.setdown"/>
</testsuite> <!-- gzs.wx.setdown -->
